<?xml version="1.0" encoding="UTF-8"?>
<testng-results ignored="0" total="1" passed="1" failed="0" skipped="0">
  <reporter-output>
  </reporter-output>
  <suite started-at="2025-09-08T22:25:24 IST" name="Default suite" finished-at="2025-09-08T22:25:50 IST" duration-ms="26024">
    <groups>
    </groups>
    <test started-at="2025-09-08T22:25:24 IST" name="Default test" finished-at="2025-09-08T22:25:50 IST" duration-ms="26024">
      <class name="test.TrainSearchTest">
        <test-method is-config="true" signature="setUp()[pri:0, instance:test.TrainSearchTest@4c178a76]" started-at="2025-09-08T22:25:24 IST" name="setUp" finished-at="2025-09-08T22:25:27 IST" duration-ms="2782" status="PASS">
          <reporter-output>
          </reporter-output>
        </test-method> <!-- setUp -->
        <test-method signature="searchTrainsBetweenStations(java.lang.String,java.lang.String)[pri:0, instance:test.TrainSearchTest@4c178a76]" started-at="2025-09-08T22:25:28 IST" name="searchTrainsBetweenStations" data-provider="TrainData" finished-at="2025-09-08T22:25:50 IST" duration-ms="21637" status="PASS">
          <params>
            <param index="0">
              <value>
                <![CDATA[PUNE]]>
              </value>
            </param>
            <param index="1">
              <value>
                <![CDATA[MUMBAI]]>
              </value>
            </param>
          </params>
          <reporter-output>
          </reporter-output>
        </test-method> <!-- searchTrainsBetweenStations -->
        <test-method is-config="true" signature="tearDown()[pri:0, instance:test.TrainSearchTest@4c178a76]" started-at="2025-09-08T22:25:50 IST" name="tearDown" finished-at="2025-09-08T22:25:50 IST" duration-ms="496" status="PASS">
          <reporter-output>
          </reporter-output>
        </test-method> <!-- tearDown -->
      </class> <!-- test.TrainSearchTest -->
    </test> <!-- Default test -->
  </suite> <!-- Default suite -->
</testng-results>
